{
  "stats": {
    "suites": 8,
    "tests": 8,
    "passes": 8,
    "pending": 0,
    "failures": 0,
    "start": "2022-07-19T16:19:30.153Z",
    "end": "2022-07-19T16:19:45.117Z",
    "duration": 14964,
    "testsRegistered": 8,
    "passPercent": 100,
    "pendingPercent": 0,
    "other": 0,
    "hasOther": false,
    "skipped": 0,
    "hasSkipped": false
  },
  "results": [
    {
      "uuid": "11ab4863-899c-47b2-830e-d2036a1b34f9",
      "title": "",
      "fullFile": "",
      "file": "",
      "beforeHooks": [],
      "afterHooks": [],
      "tests": [],
      "suites": [
        {
          "uuid": "a75deee4-ba3c-4c36-b5a6-cd91cb5a5bde",
          "title": "Go to website and enter full screen mode",
          "fullFile": "D:\\Курсы\\HW_lessons\\HW_lesson_17\\test\\first.test.js",
          "file": "\\test\\first.test.js",
          "beforeHooks": [],
          "afterHooks": [],
          "tests": [
            {
              "title": "Site should open and get fullscreen",
              "fullTitle": "Go to website and enter full screen mode Site should open and get fullscreen",
              "timedOut": false,
              "duration": 8022,
              "state": "passed",
              "speed": "slow",
              "pass": true,
              "fail": false,
              "pending": false,
              "context": null,
              "code": "await driver.get('https://chromedriver.chromium.org/home'); //1) зайти на сайт https://chromedriver.chromium.org/home\n        await driver.manage().window().maximize();\n        await driver.sleep(2000);\n        const acceptCookiesButton = await driver.findElement(By.css('.vzKQHb.K2OSr'));\n        await driver.actions().click(acceptCookiesButton).perform();\n        await driver.sleep(1000);",
              "err": {},
              "uuid": "0f2be7db-e851-4c7b-a542-c99314c516be",
              "parentUUID": "a75deee4-ba3c-4c36-b5a6-cd91cb5a5bde",
              "isHook": false,
              "skipped": false
            }
          ],
          "suites": [],
          "passes": [
            "0f2be7db-e851-4c7b-a542-c99314c516be"
          ],
          "failures": [],
          "pending": [],
          "skipped": [],
          "duration": 8022,
          "root": false,
          "rootEmpty": false,
          "_timeout": 100000
        },
        {
          "uuid": "5538b5e5-b00f-4266-8092-041c1307766f",
          "title": "Сheck the text of the main title \"ChromeDriver\"",
          "fullFile": "D:\\Курсы\\HW_lessons\\HW_lesson_17\\test\\first.test.js",
          "file": "\\test\\first.test.js",
          "beforeHooks": [],
          "afterHooks": [],
          "tests": [
            {
              "title": "Text in the title is 'ChromeDriver'",
              "fullTitle": "Сheck the text of the main title \"ChromeDriver\" Text in the title is 'ChromeDriver'",
              "timedOut": false,
              "duration": 47,
              "state": "passed",
              "speed": "medium",
              "pass": true,
              "fail": false,
              "pending": false,
              "context": null,
              "code": "const textChromeDriver = await driver.findElement(By.xpath('//*[@class=\" Rn3Z1b\"]')).getText();//2) проверить текст основного тайтла \"ChromeDriver\"\nexpect(textChromeDriver).eqls('ChromeDriver' );",
              "err": {},
              "uuid": "8605bb00-f8b5-46bd-909a-eace2c0756dc",
              "parentUUID": "5538b5e5-b00f-4266-8092-041c1307766f",
              "isHook": false,
              "skipped": false
            }
          ],
          "suites": [],
          "passes": [
            "8605bb00-f8b5-46bd-909a-eace2c0756dc"
          ],
          "failures": [],
          "pending": [],
          "skipped": [],
          "duration": 47,
          "root": false,
          "rootEmpty": false,
          "_timeout": 100000
        },
        {
          "uuid": "d584e49e-ec15-4399-a397-bc43e7831a72",
          "title": "Click in the header on the item \"Chrome Extensions\"",
          "fullFile": "D:\\Курсы\\HW_lessons\\HW_lesson_17\\test\\first.test.js",
          "file": "\\test\\first.test.js",
          "beforeHooks": [],
          "afterHooks": [],
          "tests": [
            {
              "title": "Should click on the item \"Chrome Extensions\"",
              "fullTitle": "Click in the header on the item \"Chrome Extensions\" Should click on the item \"Chrome Extensions\"",
              "timedOut": false,
              "duration": 2236,
              "state": "passed",
              "speed": "slow",
              "pass": true,
              "fail": false,
              "pending": false,
              "context": null,
              "code": "const acceptChromeExtensionsButton = await driver.findElement(By.xpath('//li[position() = 3]//*[@class=\"PsKE7e qV4dIc Qrrb5 YSH9J\"]//*[@class=\"I35ICb\"]'));\nawait driver.actions().click(acceptChromeExtensionsButton).perform(); //3) кликнуть в хедере на пункт \"Chrome Extencions\"\nawait driver.sleep(1000);",
              "err": {},
              "uuid": "db3f58b0-5adf-4e58-85a7-d949a61d33e9",
              "parentUUID": "d584e49e-ec15-4399-a397-bc43e7831a72",
              "isHook": false,
              "skipped": false
            }
          ],
          "suites": [],
          "passes": [
            "db3f58b0-5adf-4e58-85a7-d949a61d33e9"
          ],
          "failures": [],
          "pending": [],
          "skipped": [],
          "duration": 2236,
          "root": false,
          "rootEmpty": false,
          "_timeout": 100000
        },
        {
          "uuid": "90b5c4c0-33f4-445f-b9bd-68d5760c891f",
          "title": "Make a highlight for the new main title",
          "fullFile": "D:\\Курсы\\HW_lessons\\HW_lesson_17\\test\\first.test.js",
          "file": "\\test\\first.test.js",
          "beforeHooks": [],
          "afterHooks": [],
          "tests": [
            {
              "title": "Color of the text is yellow",
              "fullTitle": "Make a highlight for the new main title Color of the text is yellow",
              "timedOut": false,
              "duration": 1051,
              "state": "passed",
              "speed": "slow",
              "pass": true,
              "fail": false,
              "pending": false,
              "context": null,
              "code": "const siteLogoContainer = await driver.findElement(By.xpath('//*[@class=\" Rn3Z1b\"]'));//4) сделать хайлайт для нового основного тайтла\nawait driver.executeScript('arguments[0].style.color=\"yellow\"', siteLogoContainer);\nawait driver.sleep(1000);",
              "err": {},
              "uuid": "78b8156c-0bfa-4613-a356-e6a5538d5382",
              "parentUUID": "90b5c4c0-33f4-445f-b9bd-68d5760c891f",
              "isHook": false,
              "skipped": false
            }
          ],
          "suites": [],
          "passes": [
            "78b8156c-0bfa-4613-a356-e6a5538d5382"
          ],
          "failures": [],
          "pending": [],
          "skipped": [],
          "duration": 1051,
          "root": false,
          "rootEmpty": false,
          "_timeout": 100000
        },
        {
          "uuid": "83f9a9c0-e76a-484a-806a-3b1354d375f0",
          "title": "Check that the new title is \"Chrome Extensions\"",
          "fullFile": "D:\\Курсы\\HW_lessons\\HW_lesson_17\\test\\first.test.js",
          "file": "\\test\\first.test.js",
          "beforeHooks": [],
          "afterHooks": [],
          "tests": [
            {
              "title": "Text in the title is 'Chrome Extensions'",
              "fullTitle": "Check that the new title is \"Chrome Extensions\" Text in the title is 'Chrome Extensions'",
              "timedOut": false,
              "duration": 46,
              "state": "passed",
              "speed": "medium",
              "pass": true,
              "fail": false,
              "pending": false,
              "context": null,
              "code": "const textChromeExtensions = await driver.findElement(By.xpath('//*[@class=\" Rn3Z1b\"]')).getText();\nexpect(textChromeExtensions).eqls('Chrome Extensions' ); //5) проверить что новый тайтл стал \"Chrome Extencions\"",
              "err": {},
              "uuid": "9d6f5a95-c15d-4da5-9c9c-5efb118fc5e6",
              "parentUUID": "83f9a9c0-e76a-484a-806a-3b1354d375f0",
              "isHook": false,
              "skipped": false
            }
          ],
          "suites": [],
          "passes": [
            "9d6f5a95-c15d-4da5-9c9c-5efb118fc5e6"
          ],
          "failures": [],
          "pending": [],
          "skipped": [],
          "duration": 46,
          "root": false,
          "rootEmpty": false,
          "_timeout": 100000
        },
        {
          "uuid": "c29ff866-0229-4d1e-b0ea-2f5c636f704d",
          "title": "Go to search page",
          "fullFile": "D:\\Курсы\\HW_lessons\\HW_lesson_17\\test\\first.test.js",
          "file": "\\test\\first.test.js",
          "beforeHooks": [],
          "afterHooks": [],
          "tests": [
            {
              "title": "Should open \"Search pop-up\"",
              "fullTitle": "Go to search page Should open \"Search pop-up\"",
              "timedOut": false,
              "duration": 175,
              "state": "passed",
              "speed": "slow",
              "pass": true,
              "fail": false,
              "pending": false,
              "context": null,
              "code": "const findButton = await driver.findElement(By.xpath('//*[@class=\"vu8Pwe tCHXDc YSH9J\"]')); //6. Перейти на страницу поиска\nawait driver.actions().click(findButton).perform();",
              "err": {},
              "uuid": "f17050ad-fd4a-4afc-aed1-326ab8916c69",
              "parentUUID": "c29ff866-0229-4d1e-b0ea-2f5c636f704d",
              "isHook": false,
              "skipped": false
            }
          ],
          "suites": [],
          "passes": [
            "f17050ad-fd4a-4afc-aed1-326ab8916c69"
          ],
          "failures": [],
          "pending": [],
          "skipped": [],
          "duration": 175,
          "root": false,
          "rootEmpty": false,
          "_timeout": 100000
        },
        {
          "uuid": "d868553a-f8fd-44bb-a892-e52b14c5b552",
          "title": "Enter \"driver\" in search",
          "fullFile": "D:\\Курсы\\HW_lessons\\HW_lesson_17\\test\\first.test.js",
          "file": "\\test\\first.test.js",
          "beforeHooks": [],
          "afterHooks": [],
          "tests": [
            {
              "title": "Should enter \"driver\" in search field",
              "fullTitle": "Enter \"driver\" in search Should enter \"driver\" in search field",
              "timedOut": false,
              "duration": 2150,
              "state": "passed",
              "speed": "slow",
              "pass": true,
              "fail": false,
              "pending": false,
              "context": null,
              "code": "const searchField = await driver.findElement(By.css('.whsOnd'));\nawait driver.sleep(1000);\nawait searchField.sendKeys('driver'); //7. Ввести driver в поиск\nawait driver.actions().sendKeys(Key.ENTER).perform();\nawait driver.sleep(1000);",
              "err": {},
              "uuid": "58f36c57-cf64-43ae-9bbe-40505f2aaeb7",
              "parentUUID": "d868553a-f8fd-44bb-a892-e52b14c5b552",
              "isHook": false,
              "skipped": false
            }
          ],
          "suites": [],
          "passes": [
            "58f36c57-cf64-43ae-9bbe-40505f2aaeb7"
          ],
          "failures": [],
          "pending": [],
          "skipped": [],
          "duration": 2150,
          "root": false,
          "rootEmpty": false,
          "_timeout": 100000
        },
        {
          "uuid": "b7887461-b04b-4896-94f2-64fd8afc6b50",
          "title": "Check that the first link contains the word \"driver\"",
          "fullFile": "D:\\Курсы\\HW_lessons\\HW_lesson_17\\test\\first.test.js",
          "file": "\\test\\first.test.js",
          "beforeHooks": [],
          "afterHooks": [],
          "tests": [
            {
              "title": "The first link contains the word \"drivers\"",
              "fullTitle": "Check that the first link contains the word \"driver\" The first link contains the word \"drivers\"",
              "timedOut": false,
              "duration": 1195,
              "state": "passed",
              "speed": "slow",
              "pass": true,
              "fail": false,
              "pending": false,
              "context": null,
              "code": "const textLinkContainText = await driver.findElement(By.xpath('//*[@class=\"vH0yjd\"]//*[@data-position=\"1\"]')).getAttribute('href');\nexpect(textLinkContainText).contain('driver'); //8. Проверить что первая ссылка содержит слово driver\nawait driver.sleep(1000);\nawait driver.close();",
              "err": {},
              "uuid": "e0bbedbd-c2f6-4ae3-8e17-122b37a0ce5b",
              "parentUUID": "b7887461-b04b-4896-94f2-64fd8afc6b50",
              "isHook": false,
              "skipped": false
            }
          ],
          "suites": [],
          "passes": [
            "e0bbedbd-c2f6-4ae3-8e17-122b37a0ce5b"
          ],
          "failures": [],
          "pending": [],
          "skipped": [],
          "duration": 1195,
          "root": false,
          "rootEmpty": false,
          "_timeout": 100000
        }
      ],
      "passes": [],
      "failures": [],
      "pending": [],
      "skipped": [],
      "duration": 0,
      "root": true,
      "rootEmpty": true,
      "_timeout": 100000
    }
  ],
  "meta": {
    "mocha": {
      "version": "10.0.0"
    },
    "mochawesome": {
      "options": {
        "quiet": false,
        "reportFilename": "mochawesome",
        "saveHtml": true,
        "saveJson": true,
        "consoleReporter": "spec",
        "useInlineDiffs": false,
        "code": true
      },
      "version": "7.1.3"
    },
    "marge": {
      "options": null,
      "version": "6.2.0"
    }
  }
}